#
# A fatal error has been detected by the Java Runtime Environment:
#
#  SIGSEGV (0xb) at pc=0x000000010d1d286a, pid=5857, tid=15107
#
# JRE version: 7.0_25-b15
# Java VM: Java HotSpot(TM) 64-Bit Server VM (23.25-b01 mixed mode bsd-amd64 compressed oops)
# Problematic frame:
# V  [libjvm.dylib+0x26086a]
#
# Failed to write core dump. Core dumps have been disabled. To enable core dumping, try "ulimit -c unlimited" before starting Java again
#
# If you would like to submit a bug report, please visit:
#   http://bugreport.sun.com/bugreport/crash.jsp
#

---------------  T H R E A D  ---------------

Current thread (0x00007fbe5481c800):  JavaThread "JDWP Transport Listener: dt_socket" daemon [_thread_in_vm, id=15107, stack(0x0000000128e10000,0x0000000128f10000)]

siginfo:si_signo=SIGSEGV: si_errno=0, si_code=1 (SEGV_MAPERR), si_addr=0x000000000000000c

Registers:
RAX=0x0000000000000000, RBX=0x0000000110d77d30, RCX=0x000000000000000c, RDX=0x0000000000000000
RSP=0x0000000128f0fa50, RBP=0x0000000128f0fa50, RSI=0x00007fbe53c2b7e8, RDI=0x0000000110d77d30
R8 =0x0000000000000018, R9 =0x00007fbe53c00000, R10=0x0000000009863359, R11=0x0000000128f0fab0
R12=0x00007fbe5481c800, R13=0x00007fbe53c30b90, R14=0x0000000000000000, R15=0x0000000000000000
RIP=0x000000010d1d286a, EFLAGS=0x0000000000010202, ERR=0x0000000000000004
  TRAPNO=0x000000000000000e

Top of Stack: (sp=0x0000000128f0fa50)
0x0000000128f0fa50:   0000000128f0fa80 000000010d2031d8
0x0000000128f0fa60:   0000000000000000 0000000000000000
0x0000000128f0fa70:   0000000110d77d30 00007fbe5481c9d8
0x0000000128f0fa80:   0000000128f0faf0 000000010d212b51
0x0000000128f0fa90:   00007fbe5481c800 00007fbe5481c800
0x0000000128f0faa0:   0000000000000000 0000000000000000
0x0000000128f0fab0:   00007fbe5481c9d8 00007fbe5481c800
0x0000000128f0fac0:   00007fbe5481c800 0000000128f0fb48
0x0000000128f0fad0:   00007fbe53c2b7e8 00007fbe53c30b90
0x0000000128f0fae0:   0000000128f0fcd0 00007fbe5481c9d8
0x0000000128f0faf0:   0000000128f0fb20 000000010db6365e
0x0000000128f0fb00:   0000000128f0fcd0 000000010db83da4
0x0000000128f0fb10:   0000000128f0fb48 000000010db8f568
0x0000000128f0fb20:   0000000128f0fd40 000000010db6a75e
0x0000000128f0fb30:   0000193700000013 0000000000010a00
0x0000000128f0fb40:   00007fbe53c656d0 0000000128f0fb98
0x0000000128f0fb50:   000000010000012c 0000000128f0fb60
0x0000000128f0fb60:   00007fbe00000000 0000000128f0fb98
0x0000000128f0fb70:   0000000000000000 00007f0000000000
0x0000000128f0fb80:   0000193700000014 0000000100000c80
0x0000000128f0fb90:   0000000128f0fb98 0000000000000001
0x0000000128f0fba0:   0000000105000b52 7f00004700000000
0x0000000128f0fbb0:   00000058e8c253be 0400001200000000
0x0000000128f0fbc0:   00000000090c0000 c100000009000000
0x0000000128f0fbd0:   0d00000000000000 00000000c2000000
0x0000000128f0fbe0:   c400000016000000 1a00000000000000
0x0000000128f0fbf0:   00000000c5000000 c800000023000000
0x0000000128f0fc00:   2b00000000000000 00000000c9000000
0x0000000128f0fc10:   cb00000036000000 4200000000000000
0x0000000128f0fc20:   0000003ecc000000 56294949435b2807
0x0000000128f0fc30:   0100000000000000 a8f7d353be7f0000
0x0000000128f0fc40:   696e693c06000000 5b28070000003e74 

Instructions: (pc=0x000000010d1d286a)
0x000000010d1d284a:   eb 16 48 8d 35 ed 2d 45 00 8a 4e 08 48 d3 e2 48
0x000000010d1d285a:   03 16 eb 04 48 8b 14 0f 84 c0 0f 94 c0 0f b6 c0
0x000000010d1d286a:   8b 44 82 0c 5d c3 8b 04 07 5d c3 90 55 48 89 e5
0x000000010d1d287a:   48 83 ec 10 48 83 ce 01 48 89 75 f0 8b 47 68 8b 

Register to memory mapping:

RAX=0x0000000000000000 is an unknown value
RBX=
[error occurred during error reporting (printing register info), id 0xb]

Stack: [0x0000000128e10000,0x0000000128f10000],  sp=0x0000000128f0fa50,  free space=1022k
Native frames: (J=compiled Java code, j=interpreted, Vv=VM code, C=native code)
V  [libjvm.dylib+0x26086a]
V  [libjvm.dylib+0x2911d8]
V  [libjvm.dylib+0x2a0b51]
C  [libjdwp.dylib+0x765e]  value+0x96
C  [libjdwp.dylib+0xe75e]  debugLoop_run+0x1ce
C  [libjdwp.dylib+0x1f1ba]  attachThread+0x4d
V  [libjvm.dylib+0x30dd5a]
V  [libjvm.dylib+0x47cbd8]
V  [libjvm.dylib+0x47e0ca]
V  [libjvm.dylib+0x3b95f9]
C  [libsystem_pthread.dylib+0x1899]  _pthread_body+0x8a
C  [libsystem_pthread.dylib+0x172a]  _pthread_struct_init+0x0
C  [libsystem_pthread.dylib+0x5fc9]  thread_start+0xd


---------------  P R O C E S S  ---------------

Java Threads: ( => current thread )
  0x00007fbe54073800 JavaThread "Service Thread" daemon [_thread_blocked, id=16387, stack(0x000000012931f000,0x000000012941f000)]
  0x00007fbe5481e800 JavaThread "C2 CompilerThread1" daemon [_thread_blocked, id=16131, stack(0x000000012921c000,0x000000012931c000)]
  0x00007fbe5481b800 JavaThread "C2 CompilerThread0" daemon [_thread_blocked, id=15875, stack(0x0000000129119000,0x0000000129219000)]
  0x00007fbe5481e000 JavaThread "JDWP Command Reader" daemon [_thread_in_native, id=15619, stack(0x0000000129016000,0x0000000129116000)]
  0x00007fbe5481d000 JavaThread "JDWP Event Helper Thread" daemon [_thread_blocked, id=15363, stack(0x0000000128f13000,0x0000000129013000)]
=>0x00007fbe5481c800 JavaThread "JDWP Transport Listener: dt_socket" daemon [_thread_in_vm, id=15107, stack(0x0000000128e10000,0x0000000128f10000)]
  0x00007fbe5481a800 JavaThread "Signal Dispatcher" daemon [_thread_blocked, id=14851, stack(0x0000000128d0d000,0x0000000128e0d000)]
  0x00007fbe5400d000 JavaThread "Finalizer" daemon [_thread_blocked, id=9731, stack(0x0000000128b04000,0x0000000128c04000)]
  0x00007fbe54046000 JavaThread "Reference Handler" daemon [_thread_blocked, id=9475, stack(0x0000000128a01000,0x0000000128b01000)]
  0x00007fbe54009800 JavaThread "main" [_thread_blocked, id=4355, stack(0x000000010da1c000,0x000000010db1c000)]

Other Threads:
  0x00007fbe54817800 VMThread [stack: 0x0000000128460000,0x0000000128560000] [id=9219]
  0x00007fbe5481a000 WatcherThread [stack: 0x0000000129422000,0x0000000129522000] [id=16643]

VM state:not at safepoint (normal execution)

VM Mutex/Monitor currently owned by a thread: None

Heap
 def new generation   total 5568K, used 1039K [0x0000000110c80000, 0x0000000111280000, 0x0000000116d20000)
  eden space 4992K,  20% used [0x0000000110c80000, 0x0000000110d83cc8, 0x0000000111160000)
  from space 576K,   0% used [0x0000000111160000, 0x0000000111160000, 0x00000001111f0000)
  to   space 576K,   0% used [0x00000001111f0000, 0x00000001111f0000, 0x0000000111280000)
 tenured generation   total 12416K, used 0K [0x0000000116d20000, 0x0000000117940000, 0x0000000122e80000)
   the space 12416K,   0% used [0x0000000116d20000, 0x0000000116d20000, 0x0000000116d20200, 0x0000000117940000)
 compacting perm gen  total 21248K, used 2724K [0x0000000122e80000, 0x0000000124340000, 0x0000000128080000)
   the space 21248K,  12% used [0x0000000122e80000, 0x0000000123129290, 0x0000000123129400, 0x0000000124340000)
No shared spaces configured.

Card table byte_map: [0x0000000128080000,0x000000012813b000] byte_map_base: 0x00000001277f9c00

Polling page: 0x000000010db5b000

Code Cache  [0x000000010dbaf000, 0x000000010de1f000, 0x0000000110baf000)
 total_blobs=178 nmethods=5 adapters=134 free_code_cache=48767Kb largest_free_block=49920384

Compilation events (10 events):
Event: 0.156 Thread 0x00007fbe5481b800    1             java.lang.String::hashCode (55 bytes)
Event: 0.164 Thread 0x00007fbe5481b800 nmethod 1 0x000000010dc0e790 code [0x000000010dc0e8e0, 0x000000010dc0ea98]
Event: 0.182 Thread 0x00007fbe5481e800    2             sun.nio.cs.US_ASCII$Encoder::encode (107 bytes)
Event: 0.185 Thread 0x00007fbe5481e800 nmethod 2 0x000000010dc0dfd0 code [0x000000010dc0e140, 0x000000010dc0e4b8]
Event: 0.187 Thread 0x00007fbe5481b800    3             java.lang.String::charAt (29 bytes)
Event: 0.188 Thread 0x00007fbe5481b800 nmethod 3 0x000000010dc0dc90 code [0x000000010dc0dde0, 0x000000010dc0ded8]
Event: 0.188 Thread 0x00007fbe5481e800    4             java.lang.String::indexOf (70 bytes)
Event: 0.190 Thread 0x00007fbe5481e800 nmethod 4 0x000000010dc0d850 code [0x000000010dc0d9a0, 0x000000010dc0db88]
Event: 0.195 Thread 0x00007fbe5481b800    5             java.io.UnixFileSystem::normalize (75 bytes)
Event: 0.200 Thread 0x00007fbe5481b800 nmethod 5 0x000000010dc11650 code [0x000000010dc117c0, 0x000000010dc11a98]

GC Heap History (0 events):
No events

Deoptimization events (0 events):
No events

Internal exceptions (10 events):
Event: 0.168 Thread 0x00007fbe54009800 Threw 0x0000000110d3b770 at /HUDSON/workspace/jdk7u25-2-build-macosx-amd64-product/jdk7u25/hotspot/src/share/vm/prims/jvm.cpp:1235
Event: 0.168 Thread 0x00007fbe54009800 Threw 0x0000000110d3b898 at /HUDSON/workspace/jdk7u25-2-build-macosx-amd64-product/jdk7u25/hotspot/src/share/vm/prims/jvm.cpp:1235
Event: 0.169 Thread 0x00007fbe54009800 Threw 0x0000000110d3c330 at /HUDSON/workspace/jdk7u25-2-build-macosx-amd64-product/jdk7u25/hotspot/src/share/vm/prims/jni.cpp:716
Event: 0.169 Thread 0x00007fbe54009800 Threw 0x0000000110d3c450 at /HUDSON/workspace/jdk7u25-2-build-macosx-amd64-product/jdk7u25/hotspot/src/share/vm/prims/jvm.cpp:1235
Event: 0.169 Thread 0x00007fbe54009800 Threw 0x0000000110d3c578 at /HUDSON/workspace/jdk7u25-2-build-macosx-amd64-product/jdk7u25/hotspot/src/share/vm/prims/jvm.cpp:1235
Event: 0.181 Thread 0x00007fbe54009800 Threw 0x0000000110d4e5f8 at /HUDSON/workspace/jdk7u25-2-build-macosx-amd64-product/jdk7u25/hotspot/src/share/vm/prims/jni.cpp:716
Event: 0.181 Thread 0x00007fbe54009800 Threw 0x0000000110d4e718 at /HUDSON/workspace/jdk7u25-2-build-macosx-amd64-product/jdk7u25/hotspot/src/share/vm/prims/jvm.cpp:1235
Event: 0.181 Thread 0x00007fbe54009800 Threw 0x0000000110d4e840 at /HUDSON/workspace/jdk7u25-2-build-macosx-amd64-product/jdk7u25/hotspot/src/share/vm/prims/jvm.cpp:1235
Event: 0.181 Thread 0x00007fbe54009800 Threw 0x0000000110d4ea90 at /HUDSON/workspace/jdk7u25-2-build-macosx-amd64-product/jdk7u25/hotspot/src/share/vm/prims/jvm.cpp:1235
Event: 0.222 Thread 0x00007fbe54009800 Threw 0x0000000110d74330 at /HUDSON/workspace/jdk7u25-2-build-macosx-amd64-product/jdk7u25/hotspot/src/share/vm/prims/jvm.cpp:1235

Events (10 events):
Event: 33.979 Executing VM operation: GetOrSetLocal
Event: 33.979 Executing VM operation: GetOrSetLocal done
Event: 33.981 Executing VM operation: GetOrSetLocal
Event: 33.981 Executing VM operation: GetOrSetLocal done
Event: 33.982 Executing VM operation: GetOrSetLocal
Event: 33.982 Executing VM operation: GetOrSetLocal done
Event: 33.982 Executing VM operation: GetOrSetLocal
Event: 33.982 Executing VM operation: GetOrSetLocal done
Event: 33.986 Executing VM operation: GetOrSetLocal
Event: 33.986 Executing VM operation: GetOrSetLocal done


Dynamic libraries:
0x0000000000c88000 	/System/Library/Frameworks/Cocoa.framework/Versions/A/Cocoa
0x0000000000c88000 	/System/Library/Frameworks/Security.framework/Versions/A/Security
0x0000000000c88000 	/System/Library/Frameworks/ApplicationServices.framework/Versions/A/ApplicationServices
0x0000000000c88000 	/usr/lib/libz.1.dylib
0x0000000000c88000 	/usr/lib/libSystem.B.dylib
0x0000000000c88000 	/usr/lib/libobjc.A.dylib
0x0000000000c88000 	/System/Library/Frameworks/CoreFoundation.framework/Versions/A/CoreFoundation
0x0000000000c88000 	/System/Library/Frameworks/AppKit.framework/Versions/C/AppKit
0x0000000000c88000 	/System/Library/Frameworks/CoreData.framework/Versions/A/CoreData
0x0000000000c88000 	/System/Library/Frameworks/Foundation.framework/Versions/C/Foundation
0x0000000000c88000 	/System/Library/PrivateFrameworks/RemoteViewServices.framework/Versions/A/RemoteViewServices
0x0000000000c88000 	/System/Library/Frameworks/AudioToolbox.framework/Versions/A/AudioToolbox
0x0000000000c88000 	/System/Library/Frameworks/AudioUnit.framework/Versions/A/AudioUnit
0x0000000000c88000 	/System/Library/PrivateFrameworks/DataDetectorsCore.framework/Versions/A/DataDetectorsCore
0x0000000000c88000 	/System/Library/PrivateFrameworks/DesktopServicesPriv.framework/Versions/A/DesktopServicesPriv
0x0000000000c88000 	/System/Library/Frameworks/Carbon.framework/Versions/A/Frameworks/HIToolbox.framework/Versions/A/HIToolbox
0x0000000000c88000 	/System/Library/Frameworks/QuartzCore.framework/Versions/A/QuartzCore
0x0000000000c88000 	/System/Library/Frameworks/Carbon.framework/Versions/A/Frameworks/SpeechRecognition.framework/Versions/A/SpeechRecognition
0x0000000000c88000 	/usr/lib/libauto.dylib
0x0000000000c88000 	/usr/lib/libicucore.A.dylib
0x0000000000c88000 	/usr/lib/libxml2.2.dylib
0x0000000000c88000 	/System/Library/PrivateFrameworks/CoreUI.framework/Versions/A/CoreUI
0x0000000000c88000 	/System/Library/Frameworks/CoreAudio.framework/Versions/A/CoreAudio
0x0000000000c88000 	/System/Library/Frameworks/DiskArbitration.framework/Versions/A/DiskArbitration
0x0000000000c88000 	/usr/lib/liblangid.dylib
0x0000000000c88000 	/System/Library/PrivateFrameworks/MultitouchSupport.framework/Versions/A/MultitouchSupport
0x0000000000c88000 	/System/Library/Frameworks/IOKit.framework/Versions/A/IOKit
0x0000000000c88000 	/usr/lib/libDiagnosticMessagesClient.dylib
0x0000000000c88000 	/System/Library/Frameworks/CoreServices.framework/Versions/A/CoreServices
0x0000000000c88000 	/System/Library/PrivateFrameworks/PerformanceAnalysis.framework/Versions/A/PerformanceAnalysis
0x0000000000c88000 	/System/Library/PrivateFrameworks/GenerationalStorage.framework/Versions/A/GenerationalStorage
0x0000000000c88000 	/System/Library/Frameworks/OpenGL.framework/Versions/A/OpenGL
0x0000000000c88000 	/System/Library/PrivateFrameworks/Sharing.framework/Versions/A/Sharing
0x0000000000c88000 	/System/Library/Frameworks/ImageIO.framework/Versions/A/ImageIO
0x0000000000c88000 	/System/Library/Frameworks/CoreText.framework/Versions/A/CoreText
0x0000000000c88000 	/System/Library/Frameworks/CoreGraphics.framework/Versions/A/CoreGraphics
0x0000000000c88000 	/System/Library/PrivateFrameworks/Backup.framework/Versions/A/Backup
0x0000000000c88000 	/System/Library/Frameworks/CFNetwork.framework/Versions/A/CFNetwork
0x0000000000c88000 	/System/Library/Frameworks/SystemConfiguration.framework/Versions/A/SystemConfiguration
0x0000000000c88000 	/usr/lib/libCRFSuite.dylib
0x0000000000c88000 	/usr/lib/libc++.1.dylib
0x0000000000c88000 	/usr/lib/libc++abi.dylib
0x0000000000c88000 	/usr/lib/system/libcache.dylib
0x0000000000c88000 	/usr/lib/system/libcommonCrypto.dylib
0x0000000000c88000 	/usr/lib/system/libcompiler_rt.dylib
0x0000000000c88000 	/usr/lib/system/libcopyfile.dylib
0x0000000000c88000 	/usr/lib/system/libcorecrypto.dylib
0x0000000000c88000 	/usr/lib/system/libdispatch.dylib
0x0000000000c88000 	/usr/lib/system/libdyld.dylib
0x0000000000c88000 	/usr/lib/system/libkeymgr.dylib
0x0000000000c88000 	/usr/lib/system/liblaunch.dylib
0x0000000000c88000 	/usr/lib/system/libmacho.dylib
0x0000000000c88000 	/usr/lib/system/libquarantine.dylib
0x0000000000c88000 	/usr/lib/system/libremovefile.dylib
0x0000000000c88000 	/usr/lib/system/libsystem_asl.dylib
0x0000000000c88000 	/usr/lib/system/libsystem_blocks.dylib
0x0000000000c88000 	/usr/lib/system/libsystem_c.dylib
0x0000000000c88000 	/usr/lib/system/libsystem_configuration.dylib
0x0000000000c88000 	/usr/lib/system/libsystem_dnssd.dylib
0x0000000000c88000 	/usr/lib/system/libsystem_info.dylib
0x0000000000c88000 	/usr/lib/system/libsystem_kernel.dylib
0x0000000000c88000 	/usr/lib/system/libsystem_m.dylib
0x0000000000c88000 	/usr/lib/system/libsystem_malloc.dylib
0x0000000000c88000 	/usr/lib/system/libsystem_network.dylib
0x0000000000c88000 	/usr/lib/system/libsystem_notify.dylib
0x0000000000c88000 	/usr/lib/system/libsystem_platform.dylib
0x0000000000c88000 	/usr/lib/system/libsystem_pthread.dylib
0x0000000000c88000 	/usr/lib/system/libsystem_sandbox.dylib
0x0000000000c88000 	/usr/lib/system/libsystem_stats.dylib
0x0000000000c88000 	/usr/lib/system/libunc.dylib
0x0000000000c88000 	/usr/lib/system/libunwind.dylib
0x0000000000c88000 	/usr/lib/system/libxpc.dylib
0x0000000000c88000 	/usr/lib/libbsm.0.dylib
0x0000000000c88000 	/usr/lib/libsqlite3.dylib
0x0000000000c88000 	/usr/lib/libxar.1.dylib
0x0000000000c88000 	/usr/lib/libpam.2.dylib
0x0000000000c88000 	/usr/lib/libOpenScriptingUtil.dylib
0x0000000000c88000 	/usr/lib/libbz2.1.0.dylib
0x0000000000c88000 	/System/Library/Frameworks/CoreServices.framework/Versions/A/Frameworks/CarbonCore.framework/Versions/A/CarbonCore
0x0000000000c88000 	/System/Library/Frameworks/CoreServices.framework/Versions/A/Frameworks/Metadata.framework/Versions/A/Metadata
0x0000000000c88000 	/System/Library/Frameworks/CoreServices.framework/Versions/A/Frameworks/OSServices.framework/Versions/A/OSServices
0x0000000000c88000 	/System/Library/Frameworks/CoreServices.framework/Versions/A/Frameworks/SearchKit.framework/Versions/A/SearchKit
0x0000000000c88000 	/System/Library/Frameworks/CoreServices.framework/Versions/A/Frameworks/AE.framework/Versions/A/AE
0x0000000000c88000 	/System/Library/Frameworks/CoreServices.framework/Versions/A/Frameworks/LaunchServices.framework/Versions/A/LaunchServices
0x0000000000c88000 	/System/Library/Frameworks/CoreServices.framework/Versions/A/Frameworks/DictionaryServices.framework/Versions/A/DictionaryServices
0x0000000000c88000 	/System/Library/Frameworks/NetFS.framework/Versions/A/NetFS
0x0000000000c88000 	/usr/lib/system/libkxld.dylib
0x0000000000c88000 	/System/Library/PrivateFrameworks/NetAuth.framework/Versions/A/NetAuth
0x0000000000c88000 	/System/Library/PrivateFrameworks/TCC.framework/Versions/A/TCC
0x0000000000c88000 	/System/Library/Frameworks/OpenDirectory.framework/Versions/A/Frameworks/CFOpenDirectory.framework/Versions/A/CFOpenDirectory
0x0000000000c88000 	/System/Library/Frameworks/ServiceManagement.framework/Versions/A/ServiceManagement
0x0000000000c88000 	/usr/lib/libxslt.1.dylib
0x0000000000c88000 	/System/Library/Frameworks/Carbon.framework/Versions/A/Frameworks/Ink.framework/Versions/A/Ink
0x0000000000c88000 	/System/Library/Frameworks/ApplicationServices.framework/Versions/A/Frameworks/ATS.framework/Versions/A/ATS
0x0000000000c88000 	/System/Library/Frameworks/ApplicationServices.framework/Versions/A/Frameworks/ColorSync.framework/Versions/A/ColorSync
0x0000000000c88000 	/System/Library/Frameworks/ApplicationServices.framework/Versions/A/Frameworks/HIServices.framework/Versions/A/HIServices
0x0000000000c88000 	/System/Library/Frameworks/ApplicationServices.framework/Versions/A/Frameworks/LangAnalysis.framework/Versions/A/LangAnalysis
0x0000000000c88000 	/System/Library/Frameworks/ApplicationServices.framework/Versions/A/Frameworks/PrintCore.framework/Versions/A/PrintCore
0x0000000000c88000 	/System/Library/Frameworks/ApplicationServices.framework/Versions/A/Frameworks/QD.framework/Versions/A/QD
0x0000000000c88000 	/System/Library/Frameworks/ApplicationServices.framework/Versions/A/Frameworks/SpeechSynthesis.framework/Versions/A/SpeechSynthesis
0x0000000000c88000 	/System/Library/Frameworks/IOSurface.framework/Versions/A/IOSurface
0x0000000000c88000 	/System/Library/Frameworks/Accelerate.framework/Versions/A/Accelerate
0x0000000000c88000 	/System/Library/Frameworks/Accelerate.framework/Versions/A/Frameworks/vImage.framework/Versions/A/vImage
0x0000000000c88000 	/System/Library/Frameworks/Accelerate.framework/Versions/A/Frameworks/vecLib.framework/Versions/A/vecLib
0x0000000000c88000 	/System/Library/Frameworks/Accelerate.framework/Versions/A/Frameworks/vecLib.framework/Versions/A/libvDSP.dylib
0x0000000000c88000 	/System/Library/Frameworks/Accelerate.framework/Versions/A/Frameworks/vecLib.framework/Versions/A/libvMisc.dylib
0x0000000000c88000 	/System/Library/Frameworks/Accelerate.framework/Versions/A/Frameworks/vecLib.framework/Versions/A/libLAPACK.dylib
0x0000000000c88000 	/System/Library/Frameworks/Accelerate.framework/Versions/A/Frameworks/vecLib.framework/Versions/A/libBLAS.dylib
0x0000000000c88000 	/System/Library/Frameworks/ApplicationServices.framework/Versions/A/Frameworks/ATS.framework/Versions/A/Resources/libFontParser.dylib
0x0000000000c88000 	/System/Library/Frameworks/ApplicationServices.framework/Versions/A/Frameworks/ATS.framework/Versions/A/Resources/libFontRegistry.dylib
0x0000000000c88000 	/System/Library/Frameworks/ImageIO.framework/Versions/A/Resources/libJPEG.dylib
0x0000000000c88000 	/System/Library/Frameworks/ImageIO.framework/Versions/A/Resources/libTIFF.dylib
0x0000000000c88000 	/System/Library/Frameworks/ImageIO.framework/Versions/A/Resources/libPng.dylib
0x0000000000c88000 	/System/Library/Frameworks/ImageIO.framework/Versions/A/Resources/libGIF.dylib
0x0000000000c88000 	/System/Library/Frameworks/ImageIO.framework/Versions/A/Resources/libJP2.dylib
0x0000000000c88000 	/System/Library/Frameworks/ImageIO.framework/Versions/A/Resources/libRadiance.dylib
0x0000000000c88000 	/usr/lib/libcups.2.dylib
0x0000000000c88000 	/System/Library/Frameworks/Kerberos.framework/Versions/A/Kerberos
0x0000000000c88000 	/System/Library/Frameworks/GSS.framework/Versions/A/GSS
0x0000000000c88000 	/usr/lib/libresolv.9.dylib
0x0000000000c88000 	/usr/lib/libiconv.2.dylib
0x0000000000c88000 	/System/Library/PrivateFrameworks/Heimdal.framework/Versions/A/Heimdal
0x0000000000c88000 	/System/Library/PrivateFrameworks/TrustEvaluationAgent.framework/Versions/A/TrustEvaluationAgent
0x0000000000c88000 	/usr/lib/libheimdal-asn1.dylib
0x0000000000c88000 	/System/Library/Frameworks/OpenDirectory.framework/Versions/A/OpenDirectory
0x0000000000c88000 	/System/Library/PrivateFrameworks/CommonAuth.framework/Versions/A/CommonAuth
0x0000000000c88000 	/System/Library/Frameworks/SecurityFoundation.framework/Versions/A/SecurityFoundation
0x0000000000c88000 	/System/Library/PrivateFrameworks/Bom.framework/Versions/A/Bom
0x0000000000c88000 	/System/Library/Frameworks/CoreVideo.framework/Versions/A/CoreVideo
0x0000000000c88000 	/System/Library/Frameworks/QuartzCore.framework/Versions/A/Frameworks/CoreImage.framework/Versions/A/CoreImage
0x0000000000c88000 	/System/Library/Frameworks/QuartzCore.framework/Versions/A/Frameworks/ScalableUserInterface.framework/Versions/A/ScalableUserInterface
0x0000000000c88000 	/System/Library/Frameworks/OpenGL.framework/Versions/A/Libraries/libGLU.dylib
0x0000000000c88000 	/System/Library/Frameworks/OpenGL.framework/Versions/A/Libraries/libGFXShared.dylib
0x0000000000c88000 	/System/Library/Frameworks/OpenGL.framework/Versions/A/Libraries/libGL.dylib
0x0000000000c88000 	/System/Library/Frameworks/OpenGL.framework/Versions/A/Libraries/libGLImage.dylib
0x0000000000c88000 	/System/Library/Frameworks/OpenGL.framework/Versions/A/Libraries/libCVMSPluginSupport.dylib
0x0000000000c88000 	/System/Library/Frameworks/OpenGL.framework/Versions/A/Libraries/libCoreVMClient.dylib
0x0000000000c88000 	/System/Library/PrivateFrameworks/FaceCore.framework/Versions/A/FaceCore
0x0000000000c88000 	/System/Library/PrivateFrameworks/CrashReporterSupport.framework/Versions/A/CrashReporterSupport
0x0000000000c88000 	/System/Library/Frameworks/OpenCL.framework/Versions/A/OpenCL
0x0000000000c88000 	/System/Library/PrivateFrameworks/AppleFSCompression.framework/Versions/A/AppleFSCompression
0x0000000000c88000 	/System/Library/PrivateFrameworks/Ubiquity.framework/Versions/A/Ubiquity
0x0000000000c88000 	/System/Library/PrivateFrameworks/IconServices.framework/Versions/A/IconServices
0x0000000000c88000 	/System/Library/PrivateFrameworks/ChunkingLibrary.framework/Versions/A/ChunkingLibrary
0x0000000000c88000 	/System/Library/PrivateFrameworks/CoreSymbolication.framework/Versions/A/CoreSymbolication
0x0000000000c88000 	/System/Library/PrivateFrameworks/Symbolication.framework/Versions/A/Symbolication
0x0000000000c88000 	/System/Library/PrivateFrameworks/DebugSymbols.framework/Versions/A/DebugSymbols
0x000000010cf72000 	/Library/Java/JavaVirtualMachines/jdk1.7.0_25.jdk/Contents/Home/jre/lib/server/libjvm.dylib
0x0000000000c88000 	/usr/lib/libstdc++.6.dylib
0x000000010db1e000 	/Library/Java/JavaVirtualMachines/jdk1.7.0_25.jdk/Contents/Home/jre/lib/libverify.dylib
0x000000010db2b000 	/Library/Java/JavaVirtualMachines/jdk1.7.0_25.jdk/Contents/Home/jre/lib/libjava.dylib
0x000000010db5c000 	/Library/Java/JavaVirtualMachines/jdk1.7.0_25.jdk/Contents/Home/jre/lib/libjdwp.dylib
0x000000010db99000 	/Library/Java/JavaVirtualMachines/jdk1.7.0_25.jdk/Contents/Home/jre/lib/./libnpt.dylib
0x000000010dba6000 	/Library/Java/JavaVirtualMachines/jdk1.7.0_25.jdk/Contents/Home/jre/lib/libzip.dylib
0x0000000128562000 	/System/Library/Frameworks/JavaVM.framework/Frameworks/JavaRuntimeSupport.framework/JavaRuntimeSupport
0x000000012857a000 	/System/Library/Frameworks/JavaVM.framework/Versions/A/Frameworks/JavaNativeFoundation.framework/Versions/A/JavaNativeFoundation
0x000000012858f000 	/System/Library/Frameworks/JavaVM.framework/Versions/A/JavaVM
0x0000000000c88000 	/System/Library/Frameworks/Carbon.framework/Versions/A/Carbon
0x000000012859c000 	/System/Library/PrivateFrameworks/JavaLaunching.framework/Versions/A/JavaLaunching
0x0000000000c88000 	/System/Library/Frameworks/Carbon.framework/Versions/A/Frameworks/CommonPanels.framework/Versions/A/CommonPanels
0x0000000000c88000 	/System/Library/Frameworks/Carbon.framework/Versions/A/Frameworks/Help.framework/Versions/A/Help
0x0000000000c88000 	/System/Library/Frameworks/Carbon.framework/Versions/A/Frameworks/ImageCapture.framework/Versions/A/ImageCapture
0x0000000000c88000 	/System/Library/Frameworks/Carbon.framework/Versions/A/Frameworks/OpenScripting.framework/Versions/A/OpenScripting
0x0000000000c88000 	/System/Library/Frameworks/Carbon.framework/Versions/A/Frameworks/Print.framework/Versions/A/Print
0x0000000000c88000 	/System/Library/Frameworks/Carbon.framework/Versions/A/Frameworks/SecurityHI.framework/Versions/A/SecurityHI
0x00000001285aa000 	/Library/Java/JavaVirtualMachines/jdk1.7.0_25.jdk/Contents/Home/jre/lib/libdt_socket.dylib

VM Arguments:
jvm_args: -agentlib:jdwp=transport=dt_socket,address=127.0.0.1:60340,suspend=y,server=n -Dfile.encoding=UTF-8 
java_command: App
Launcher Type: SUN_STANDARD

Environment Variables:
PATH=/usr/bin:/bin:/usr/sbin:/sbin
SHELL=/bin/bash
DISPLAY=/tmp/launch-nUmoAX/org.macosforge.xquartz:0

Signal Handlers:
SIGSEGV: [libjvm.dylib+0x4a820f], sa_mask[0]=0xfffefeff, sa_flags=0x00000042
SIGBUS: [libjvm.dylib+0x4a820f], sa_mask[0]=0xfffefeff, sa_flags=0x00000042
SIGFPE: [libjvm.dylib+0x3b7495], sa_mask[0]=0xfffefeff, sa_flags=0x00000042
SIGPIPE: [libjvm.dylib+0x3b7495], sa_mask[0]=0xfffefeff, sa_flags=0x00000042
SIGXFSZ: [libjvm.dylib+0x3b7495], sa_mask[0]=0xfffefeff, sa_flags=0x00000042
SIGILL: [libjvm.dylib+0x3b7495], sa_mask[0]=0xfffefeff, sa_flags=0x00000042
SIGUSR1: SIG_DFL, sa_mask[0]=0x00000000, sa_flags=0x00000002
SIGUSR2: [libjvm.dylib+0x3b702e], sa_mask[0]=0x00000004, sa_flags=0x00000042
SIGHUP: [libjvm.dylib+0x3b528f], sa_mask[0]=0xfffefeff, sa_flags=0x00000042
SIGINT: [libjvm.dylib+0x3b528f], sa_mask[0]=0xfffefeff, sa_flags=0x00000042
SIGTERM: [libjvm.dylib+0x3b528f], sa_mask[0]=0xfffefeff, sa_flags=0x00000042
SIGQUIT: [libjvm.dylib+0x3b528f], sa_mask[0]=0xfffefeff, sa_flags=0x00000042


---------------  S Y S T E M  ---------------

OS:Bsduname:Darwin 13.0.0 Darwin Kernel Version 13.0.0: Thu Sep 19 22:22:27 PDT 2013; root:xnu-2422.1.72~6/RELEASE_X86_64 x86_64
rlimit: STACK 8192k, CORE 0k, NPROC 709, NOFILE 10240, AS infinity
load average:6.18 5.43 6.33

CPU:total 2 (2 cores per cpu, 1 threads per core) family 6 model 23 stepping 6, cmov, cx8, fxsr, mmx, sse, sse2, sse3, ssse3, sse4.1, tsc

Memory: 4k page, physical 1185436k(296359k free)

/proc/meminfo:


vm_info: Java HotSpot(TM) 64-Bit Server VM (23.25-b01) for bsd-amd64 JRE (1.7.0_25-b15), built on Jun  5 2013 22:26:36 by "java_re" with gcc 4.2.1 (Based on Apple Inc. build 5658) (LLVM build 2336.11.00)

time: Sat Jan  4 23:42:00 2014
elapsed time: 34 seconds

